#
# A fatal error has been detected by the Java Runtime Environment:
#
#  EXCEPTION_ACCESS_VIOLATION (0xc0000005) at pc=0x00007ff89308b309, pid=9884, tid=17976
#
# JRE version: OpenJDK Runtime Environment Temurin-21.0.6+7 (21.0.6+7) (build 21.0.6+7-LTS)
# Java VM: OpenJDK 64-Bit Server VM Temurin-21.0.6+7 (21.0.6+7-LTS, mixed mode, sharing, tiered, compressed oops, compressed class ptrs, g1 gc, windows-amd64)
# Problematic frame:
# C  [awt.dll+0xdb309]
#
# No core dump will be written. Minidumps are not enabled by default on client versions of Windows
#
# If you would like to submit a bug report, please visit:
#   https://github.com/adoptium/adoptium-support/issues
# The crash happened outside the Java Virtual Machine in native code.
# See problematic frame for where to report the bug.
#

---------------  S U M M A R Y ------------

Command Line: -ea -agentlib:jdwp=transport=dt_shmem,address=javadebug -Dfile.encoding=UTF-8 bluej.runtime.ExecServer UTF-8

Host: Intel(R) Core(TM) Ultra 5 225F, 10 cores, 31G,  Windows 11 , 64 bit Build 26100 (10.0.26100.7920)
Time: Sat Mar 28 13:05:05 2026 Pacific Daylight Time elapsed time: 1994.829175 seconds (0d 0h 33m 14s)

---------------  T H R E A D  ---------------

Current thread (0x00000186c14bff30):  JavaThread "AWT-EventQueue-0"        [_thread_in_native, id=17976, stack(0x0000000315e00000,0x0000000315f00000) (1024K)]

Stack: [0x0000000315e00000,0x0000000315f00000],  sp=0x0000000315efe950,  free space=1018k
Native frames: (J=compiled Java code, j=interpreted, Vv=VM code, C=native code)
C  [awt.dll+0xdb309]

Java frames: (J=compiled Java code, j=interpreted, Vv=VM code)
j  sun.awt.Win32GraphicsConfig.getBounds(I)Ljava/awt/Rectangle;+0 java.desktop@21.0.6
j  sun.awt.Win32GraphicsConfig.getBounds()Ljava/awt/Rectangle;+8 java.desktop@21.0.6
j  sun.awt.Win32GraphicsDevice.displayChanged()V+23 java.desktop@21.0.6
j  sun.awt.Win32GraphicsEnvironment.displayChanged()V+271 java.desktop@21.0.6
j  sun.awt.windows.WToolkit.lambda$displayChanged$4()V+15 java.desktop@21.0.6
j  sun.awt.windows.WToolkit$$Lambda+0x00000186c3078d48.run()V+0 java.desktop@21.0.6
j  java.awt.event.InvocationEvent.dispatch()V+47 java.desktop@21.0.6
j  java.awt.EventQueue.dispatchEventImpl(Ljava/awt/AWTEvent;Ljava/lang/Object;)V+21 java.desktop@21.0.6
j  java.awt.EventQueue$4.run()Ljava/lang/Void;+32 java.desktop@21.0.6
j  java.awt.EventQueue$4.run()Ljava/lang/Object;+1 java.desktop@21.0.6
j  java.security.AccessController.executePrivileged(Ljava/security/PrivilegedAction;Ljava/security/AccessControlContext;Ljava/lang/Class;)Ljava/lang/Object;+29 java.base@21.0.6
j  java.security.AccessController.doPrivileged(Ljava/security/PrivilegedAction;Ljava/security/AccessControlContext;)Ljava/lang/Object;+13 java.base@21.0.6
j  java.security.ProtectionDomain$JavaSecurityAccessImpl.doIntersectionPrivilege(Ljava/security/PrivilegedAction;Ljava/security/AccessControlContext;Ljava/security/AccessControlContext;)Ljava/lang/Object;+18 java.base@21.0.6
j  java.awt.EventQueue.dispatchEvent(Ljava/awt/AWTEvent;)V+46 java.desktop@21.0.6
j  java.awt.EventDispatchThread.pumpOneEventForFilters(I)V+81 java.desktop@21.0.6
j  java.awt.EventDispatchThread.pumpEventsForFilter(ILjava/awt/Conditional;Ljava/awt/EventFilter;)V+35 java.desktop@21.0.6
j  java.awt.EventDispatchThread.pumpEventsForHierarchy(ILjava/awt/Conditional;Ljava/awt/Component;)V+11 java.desktop@21.0.6
j  java.awt.EventDispatchThread.pumpEvents(ILjava/awt/Conditional;)V+4 java.desktop@21.0.6
j  java.awt.EventDispatchThread.pumpEvents(Ljava/awt/Conditional;)V+3 java.desktop@21.0.6
j  java.awt.EventDispatchThread.run()V+9 java.desktop@21.0.6
v  ~StubRoutines::call_stub 0x00000186aca0100d

siginfo: EXCEPTION_ACCESS_VIOLATION (0xc0000005), reading address 0x0000000000000028


Registers:
RAX=0x0000000000000000, RBX=0x00000186c16686e0, RCX=0x0000000000000000, RDX=0x0000000000000000
RSP=0x0000000315efe950, RBP=0x0000000000000000, RSI=0x0000000000000000, RDI=0x0000000000000000
R8 =0x0000000000000001, R9 =0x0000000315a46000, R10=0x00000186c1668ba0, R11=0x00000187032d6f78
R12=0x0000000000000000, R13=0x0000018707464240, R14=0x00000187073fc290, R15=0x0000000000000000
RIP=0x00007ff89308b309, EFLAGS=0x0000000000010246

XMM[0]=0x0000000000000000 0x0000000000000000
XMM[1]=0x0000000000000000 0x0000000315efea20
XMM[2]=0x0000000000000000 0x0000000000000000
XMM[3]=0x0000000000000000 0x0000000000000000
XMM[4]=0x0000000000000000 0x0000000000000000
XMM[5]=0x00000186c14bff30 0x0000000000000001
XMM[6]=0x0000000000000000 0x0000000000000000
XMM[7]=0x0000000000000000 0x0000000000000000
XMM[8]=0x0000000000000000 0x0000000000000000
XMM[9]=0x0000000000000000 0x0000000000000000
XMM[10]=0x0000000000000000 0x0000000000000000
XMM[11]=0x0000000000000000 0x0000000000000000
XMM[12]=0x0000000000000000 0x0000000000000000
XMM[13]=0x0000000000000000 0x0000000000000000
XMM[14]=0x0000000000000000 0x0000000000000000
XMM[15]=0x0000000000000000 0x0000000000000000
  MXCSR=0x00001fa0


Register to memory mapping:

RAX=0x0 is null
RBX=0x00000186c16686e0 points into unknown readable memory: 0x000001870707b210 | 10 b2 07 07 87 01 00 00
RCX=0x0 is null
RDX=0x0 is null
RSP=0x0000000315efe950 is pointing into the stack for thread: 0x00000186c14bff30
RBP=0x0 is null
RSI=0x0 is null
RDI=0x0 is null
R8 =0x0000000000000001 is an unknown value
R9 =0x0000000315a46000 points into unknown readable memory: 0x0000000000000000 | 00 00 00 00 00 00 00 00
R10=0x00000186c1668ba0 points into unknown readable memory: 0x0000001e00000003 | 03 00 00 00 1e 00 00 00
R11={method} {0x00000187032d6f80} '<init>' '(IIII)V' in 'java/awt/Rectangle'
R12=0x0 is null
R13=0x0000018707464240 points into unknown readable memory: 0x00000187032d6f78 | 78 6f 2d 03 87 01 00 00
R14=0x00000187073fc290 points into unknown readable memory: 0x0000000623c7a290 | 90 a2 c7 23 06 00 00 00
R15=0x0 is null

Top of Stack: (sp=0x0000000315efe950)
0x0000000315efe950:   00007ff8930ea848 00000186c16686e0
0x0000000315efe960:   00000186c14c02e8 00000186c16686e0
0x0000000315efe970:   00000186c14c02e8 00007ff89308a698
0x0000000315efe980:   00000186c16686e0 00000186c16686e0
0x0000000315efe990:   0000000000000000 00000186c14c02e8
0x0000000315efe9a0:   0000000623c780c0 00000187032c7f90
0x0000000315efe9b0:   0000000000000000 0000000315efe9d0
0x0000000315efe9c0:   0000000000000000 0000000000000000
0x0000000315efe9d0:   000018305dbdde91 0000000623c78a68
0x0000000315efe9e0:   00000186c14bff30 0000000315efeac8
0x0000000315efe9f0:   00000187032d2c30 0000000000000000
0x0000000315efea00:   0000000623edce50 0000000000000000
0x0000000315efea10:   0000000315efeaa0 00000186aca107b6
0x0000000315efea20:   0000000315efea38 00000187032d2c30
0x0000000315efea30:   00000186aca091b4 0000000000000000
0x0000000315efea40:   0000000623c78a68 0000000623edce30
0x0000000315efea50:   0000000623edce30 0000000315efea58
0x0000000315efea60:   0000000000000000 0000000000000005
0x0000000315efea70:   00000187032d5048 0000000000000000
0x0000000315efea80:   0000000623c79ec8 00000187032d2c30
0x0000000315efea90:   0000000000000000 0000000315efeac0
0x0000000315efeaa0:   0000000315efeb18 00000186aca096b9
0x0000000315efeab0:   0000000000000000 00000186aca0c6fa
0x0000000315efeac0:   0000000000000000 0000000623edce30
0x0000000315efead0:   0000000315efead0 00000187032d2cd8
0x0000000315efeae0:   0000000000000002 00000187032d5048
0x0000000315efeaf0:   0000000000000000 0000000623c79ec8
0x0000000315efeb00:   00000187032d2cf0 0000000315efeac0
0x0000000315efeb10:   0000000315efeb28 0000000315efeb78
0x0000000315efeb20:   00000186aca096b9 0000000623edce30
0x0000000315efeb30:   0000000315efeb30 00000187032c7de7
0x0000000315efeb40:   0000000000000003 00000187032c8f00 

Instructions: (pc=0x00007ff89308b309)
0x00007ff89308b209:   cc cc cc cc cc cc cc 48 89 5c 24 08 48 89 6c 24
0x00007ff89308b219:   10 48 89 74 24 18 57 48 83 ec 20 41 8b f8 0f b6
0x00007ff89308b229:   f2 48 8b e9 e8 1e cb f4 ff 48 8b d8 48 89 44 24
0x00007ff89308b239:   48 41 b8 01 00 00 00 8b d7 48 8b c8 e8 76 ca f4
0x00007ff89308b249:   ff 48 8b c8 44 0f b6 c6 48 8b d5 e8 97 fa ff ff
0x00007ff89308b259:   48 8b f8 48 8b cb e8 ac cc f4 ff 90 48 8b c7 48
0x00007ff89308b269:   8b 5c 24 30 48 8b 6c 24 38 48 8b 74 24 40 48 83
0x00007ff89308b279:   c4 20 5f c3 cc cc cc 48 8b 49 28 e9 37 07 00 00
0x00007ff89308b289:   cc cc cc cc cc cc cc 48 89 5c 24 08 57 48 83 ec
0x00007ff89308b299:   20 8b f9 e8 af ca f4 ff 48 8b d8 48 89 44 24 38
0x00007ff89308b2a9:   41 b8 01 00 00 00 8b d7 48 8b c8 e8 07 ca f4 ff
0x00007ff89308b2b9:   48 8b 08 8b 39 48 8b cb e8 4a cc f4 ff 90 8b c7
0x00007ff89308b2c9:   48 8b 5c 24 30 48 83 c4 20 5f c3 cc cc cc cc cc
0x00007ff89308b2d9:   cc cc cc cc cc cc cc 48 89 5c 24 08 57 48 83 ec
0x00007ff89308b2e9:   20 8b f9 e8 5f ca f4 ff 48 8b d8 48 89 44 24 38
0x00007ff89308b2f9:   41 b8 01 00 00 00 8b d7 48 8b c8 e8 b7 c9 f4 ff
0x00007ff89308b309:   48 8b 78 28 48 8b cb e8 fb cb f4 ff 90 48 8b c7
0x00007ff89308b319:   48 8b 5c 24 30 48 83 c4 20 5f c3 cc cc cc cc cc
0x00007ff89308b329:   cc cc cc cc cc cc cc 48 89 5c 24 08 57 48 83 ec
0x00007ff89308b339:   20 8b f9 e8 0f ca f4 ff 48 8b d8 48 89 44 24 38
0x00007ff89308b349:   41 b8 01 00 00 00 8b d7 48 8b c8 e8 67 c9 f4 ff
0x00007ff89308b359:   48 8b 78 30 48 8b cb e8 ab cb f4 ff 90 48 8b c7
0x00007ff89308b369:   48 8b 5c 24 30 48 83 c4 20 5f c3 cc cc cc cc cc
0x00007ff89308b379:   cc cc cc cc cc cc cc 48 89 5c 24 08 57 48 83 ec
0x00007ff89308b389:   20 8b f9 e8 bf c9 f4 ff 48 8b d8 48 89 44 24 38
0x00007ff89308b399:   41 b8 01 00 00 00 8b d7 48 8b c8 e8 17 c9 f4 ff
0x00007ff89308b3a9:   48 8b 78 08 48 85 ff 74 07 48 8b bf 08 0c 00 00
0x00007ff89308b3b9:   48 8b cb e8 4f cb f4 ff 90 48 8b c7 48 8b 5c 24
0x00007ff89308b3c9:   30 48 83 c4 20 5f c3 f3 0f 10 41 48 c3 cc cc cc
0x00007ff89308b3d9:   cc cc cc cc cc cc cc f3 0f 10 41 4c c3 cc cc cc
0x00007ff89308b3e9:   cc cc cc cc cc cc cc 48 89 5c 24 10 48 89 6c 24
0x00007ff89308b3f9:   18 48 89 74 24 20 57 48 81 ec 20 01 00 00 48 8b 


Stack slot to memory mapping:

stack at sp + 0 slots: 0x00007ff8930ea848 awt.dll
stack at sp + 1 slots: 0x00000186c16686e0 points into unknown readable memory: 0x000001870707b210 | 10 b2 07 07 87 01 00 00
stack at sp + 2 slots: 0x00000186c14c02e8 points into unknown readable memory: 0x00007ff892c4b7b0 | b0 b7 c4 92 f8 7f 00 00
stack at sp + 3 slots: 0x00000186c16686e0 points into unknown readable memory: 0x000001870707b210 | 10 b2 07 07 87 01 00 00
stack at sp + 4 slots: 0x00000186c14c02e8 points into unknown readable memory: 0x00007ff892c4b7b0 | b0 b7 c4 92 f8 7f 00 00
stack at sp + 5 slots: 0x00007ff89308a698 awt.dll
stack at sp + 6 slots: 0x00000186c16686e0 points into unknown readable memory: 0x000001870707b210 | 10 b2 07 07 87 01 00 00
stack at sp + 7 slots: 0x00000186c16686e0 points into unknown readable memory: 0x000001870707b210 | 10 b2 07 07 87 01 00 00


---------------  P R O C E S S  ---------------

Threads class SMR info:
_java_thread_list=0x00000186c16b6250, length=20, elements={
0x00000186c1308270, 0x00000186c130d1e0, 0x00000186c130dfc0, 0x00000186c130f100,
0x00000186c131bb80, 0x00000186c131c700, 0x00000186c131d480, 0x00000186c1321b50,
0x00000186c1466b00, 0x00000186c1479b60, 0x00000186c146a260, 0x00000186c146b280,
0x00000186c148c0f0, 0x0000018707056a10, 0x0000018707058130, 0x000001870706a2b0,
0x000001869cde9480, 0x0000018707f2b350, 0x00000186c14c05c0, 0x00000186c14bff30
}

Java Threads: ( => current thread )
  0x00000186c1308270 JavaThread "Reference Handler"          daemon [_thread_blocked, id=12720, stack(0x0000000316800000,0x0000000316900000) (1024K)]
  0x00000186c130d1e0 JavaThread "Finalizer"                  daemon [_thread_blocked, id=8072, stack(0x0000000316900000,0x0000000316a00000) (1024K)]
  0x00000186c130dfc0 JavaThread "Signal Dispatcher"          daemon [_thread_blocked, id=23444, stack(0x0000000316a00000,0x0000000316b00000) (1024K)]
  0x00000186c130f100 JavaThread "Attach Listener"            daemon [_thread_blocked, id=12688, stack(0x0000000316b00000,0x0000000316c00000) (1024K)]
  0x00000186c131bb80 JavaThread "Service Thread"             daemon [_thread_blocked, id=22664, stack(0x0000000316c00000,0x0000000316d00000) (1024K)]
  0x00000186c131c700 JavaThread "Monitor Deflation Thread"   daemon [_thread_blocked, id=14252, stack(0x0000000316d00000,0x0000000316e00000) (1024K)]
  0x00000186c131d480 JavaThread "C2 CompilerThread0"         daemon [_thread_blocked, id=13332, stack(0x0000000316e00000,0x0000000316f00000) (1024K)]
  0x00000186c1321b50 JavaThread "C1 CompilerThread0"         daemon [_thread_blocked, id=20604, stack(0x0000000316f00000,0x0000000317000000) (1024K)]
  0x00000186c1466b00 JavaThread "JDWP Transport Listener: dt_shmem" daemon [_thread_blocked, id=22680, stack(0x0000000317000000,0x0000000317100000) (1024K)]
  0x00000186c1479b60 JavaThread "JDWP Event Helper Thread"   daemon [_thread_blocked, id=15416, stack(0x0000000317100000,0x0000000317200000) (1024K)]
  0x00000186c146a260 JavaThread "JDWP Command Reader"        daemon [_thread_in_native, id=10656, stack(0x0000000317200000,0x0000000317300000) (1024K)]
  0x00000186c146b280 JavaThread "Notification Thread"        daemon [_thread_blocked, id=10964, stack(0x0000000317300000,0x0000000317400000) (1024K)]
  0x00000186c148c0f0 JavaThread "Common-Cleaner"             daemon [_thread_blocked, id=16844, stack(0x0000000317400000,0x0000000317500000) (1024K)]
  0x0000018707056a10 JavaThread "Java2D Disposer"            daemon [_thread_blocked, id=15876, stack(0x0000000317600000,0x0000000317700000) (1024K)]
  0x0000018707058130 JavaThread "AWT-Windows"                daemon [_thread_in_native, id=7260, stack(0x0000000317800000,0x0000000317900000) (1024K)]
  0x000001870706a2b0 JavaThread "BlueJ worker thread"               [_thread_blocked, id=18752, stack(0x0000000317a00000,0x0000000317b00000) (1024K)]
  0x000001869cde9480 JavaThread "DestroyJavaVM"                     [_thread_blocked, id=18348, stack(0x0000000316000000,0x0000000316100000) (1024K)]
  0x0000018707f2b350 JavaThread "main"                              [_thread_blocked, id=4416, stack(0x0000000318000000,0x0000000318100000) (1024K)]
  0x00000186c14c05c0 JavaThread "AWT-Shutdown"                      [_thread_blocked, id=17480, stack(0x0000000315d00000,0x0000000315e00000) (1024K)]
=>0x00000186c14bff30 JavaThread "AWT-EventQueue-0"                  [_thread_in_native, id=17976, stack(0x0000000315e00000,0x0000000315f00000) (1024K)]
Total: 20

Other Threads:
  0x00000186c0b75b20 VMThread "VM Thread"                           [id=22724, stack(0x0000000316700000,0x0000000316800000) (1024K)]
  0x00000186c0b646e0 WatcherThread "VM Periodic Task Thread"        [id=9144, stack(0x0000000316600000,0x0000000316700000) (1024K)]
  0x000001869ce8f550 WorkerThread "GC Thread#0"                     [id=3840, stack(0x0000000316100000,0x0000000316200000) (1024K)]
  0x0000018707661360 WorkerThread "GC Thread#1"                     [id=3496, stack(0x0000000317500000,0x0000000317600000) (1024K)]
  0x00000187077fe770 WorkerThread "GC Thread#2"                     [id=21980, stack(0x0000000317700000,0x0000000317800000) (1024K)]
  0x00000187077feb10 WorkerThread "GC Thread#3"                     [id=11728, stack(0x0000000317900000,0x0000000317a00000) (1024K)]
  0x00000187073f8d00 WorkerThread "GC Thread#4"                     [id=19940, stack(0x0000000317b00000,0x0000000317c00000) (1024K)]
  0x00000187073f90a0 WorkerThread "GC Thread#5"                     [id=10968, stack(0x0000000317c00000,0x0000000317d00000) (1024K)]
  0x00000187073f9440 WorkerThread "GC Thread#6"                     [id=4284, stack(0x0000000317d00000,0x0000000317e00000) (1024K)]
  0x00000187073f97e0 WorkerThread "GC Thread#7"                     [id=10448, stack(0x0000000317e00000,0x0000000317f00000) (1024K)]
  0x00000187073f9b80 WorkerThread "GC Thread#8"                     [id=7060, stack(0x0000000317f00000,0x0000000318000000) (1024K)]
  0x000001869cea0240 ConcurrentGCThread "G1 Main Marker"            [id=19740, stack(0x0000000316200000,0x0000000316300000) (1024K)]
  0x000001869cea1bc0 WorkerThread "G1 Conc#0"                       [id=19976, stack(0x0000000316300000,0x0000000316400000) (1024K)]
  0x00000186c0a29740 ConcurrentGCThread "G1 Refine#0"               [id=348, stack(0x0000000316400000,0x0000000316500000) (1024K)]
  0x00000186c0a2a150 ConcurrentGCThread "G1 Service"                [id=21688, stack(0x0000000316500000,0x0000000316600000) (1024K)]
Total: 15

Threads with active compile tasks:
Total: 0

VM state: not at safepoint (normal execution)

VM Mutex/Monitor currently owned by a thread: None

Heap address: 0x0000000605c00000, size: 8100 MB, Compressed Oops mode: Zero based, Oop shift amount: 3

CDS archive(s) mapped at: [0x00000186c2000000-0x00000186c2c80000-0x00000186c2c80000), size 13107200, SharedBaseAddress: 0x00000186c2000000, ArchiveRelocationMode: 1.
Compressed class space mapped at: 0x00000186c3000000-0x0000018703000000, reserved size: 1073741824
Narrow klass base: 0x00000186c2000000, Narrow klass shift: 0, Narrow klass range: 0x100000000

GC Precious Log:
 CardTable entry size: 512
 Card Set container configuration: InlinePtr #cards 4 size 8 Array Of Cards #cards 32 size 80 Howl #buckets 8 coarsen threshold 7372 Howl Bitmap #cards 1024 size 144 coarsen threshold 921 Card regions per heap region 1 cards per card region 8192
 CPUs: 10 total, 10 available
 Memory: 32389M
 Large Page Support: Disabled
 NUMA Support: Disabled
 Compressed Oops: Enabled (Zero based)
 Heap Region Size: 4M
 Heap Min Capacity: 8M
 Heap Initial Capacity: 508M
 Heap Max Capacity: 8100M
 Pre-touch: Disabled
 Parallel Workers: 9
 Concurrent Workers: 2
 Concurrent Refinement Workers: 9
 Periodic GC: Disabled

Heap:
 garbage-first heap   total 520192K, used 27276K [0x0000000605c00000, 0x0000000800000000)
  region size 4096K, 8 young (32768K), 1 survivors (4096K)
 Metaspace       used 3360K, committed 3584K, reserved 1114112K
  class space    used 299K, committed 384K, reserved 1048576K

Heap Regions: E=young(eden), S=young(survivor), O=old, HS=humongous(starts), HC=humongous(continues), CS=collection set, F=free, TAMS=top-at-mark-start, PB=parsable bottom
|   0|0x0000000605c00000, 0x0000000605e802c0, 0x0000000606000000| 62%| O|  |TAMS 0x0000000605c00000| PB 0x0000000605c00000| Untracked 
|   1|0x0000000606000000, 0x0000000606000000, 0x0000000606400000|  0%| F|  |TAMS 0x0000000606000000| PB 0x0000000606000000| Untracked 
|   2|0x0000000606400000, 0x0000000606400000, 0x0000000606800000|  0%| F|  |TAMS 0x0000000606400000| PB 0x0000000606400000| Untracked 
|   3|0x0000000606800000, 0x0000000606800000, 0x0000000606c00000|  0%| F|  |TAMS 0x0000000606800000| PB 0x0000000606800000| Untracked 
|   4|0x0000000606c00000, 0x0000000606c00000, 0x0000000607000000|  0%| F|  |TAMS 0x0000000606c00000| PB 0x0000000606c00000| Untracked 
|   5|0x0000000607000000, 0x0000000607000000, 0x0000000607400000|  0%| F|  |TAMS 0x0000000607000000| PB 0x0000000607000000| Untracked 
|   6|0x0000000607400000, 0x0000000607400000, 0x0000000607800000|  0%| F|  |TAMS 0x0000000607400000| PB 0x0000000607400000| Untracked 
|   7|0x0000000607800000, 0x0000000607800000, 0x0000000607c00000|  0%| F|  |TAMS 0x0000000607800000| PB 0x0000000607800000| Untracked 
|   8|0x0000000607c00000, 0x0000000607c00000, 0x0000000608000000|  0%| F|  |TAMS 0x0000000607c00000| PB 0x0000000607c00000| Untracked 
|   9|0x0000000608000000, 0x0000000608000000, 0x0000000608400000|  0%| F|  |TAMS 0x0000000608000000| PB 0x0000000608000000| Untracked 
|  10|0x0000000608400000, 0x0000000608400000, 0x0000000608800000|  0%| F|  |TAMS 0x0000000608400000| PB 0x0000000608400000| Untracked 
|  11|0x0000000608800000, 0x0000000608800000, 0x0000000608c00000|  0%| F|  |TAMS 0x0000000608800000| PB 0x0000000608800000| Untracked 
|  12|0x0000000608c00000, 0x0000000608c00000, 0x0000000609000000|  0%| F|  |TAMS 0x0000000608c00000| PB 0x0000000608c00000| Untracked 
|  13|0x0000000609000000, 0x0000000609000000, 0x0000000609400000|  0%| F|  |TAMS 0x0000000609000000| PB 0x0000000609000000| Untracked 
|  14|0x0000000609400000, 0x0000000609400000, 0x0000000609800000|  0%| F|  |TAMS 0x0000000609400000| PB 0x0000000609400000| Untracked 
|  15|0x0000000609800000, 0x0000000609800000, 0x0000000609c00000|  0%| F|  |TAMS 0x0000000609800000| PB 0x0000000609800000| Untracked 
|  16|0x0000000609c00000, 0x0000000609c00000, 0x000000060a000000|  0%| F|  |TAMS 0x0000000609c00000| PB 0x0000000609c00000| Untracked 
|  17|0x000000060a000000, 0x000000060a000000, 0x000000060a400000|  0%| F|  |TAMS 0x000000060a000000| PB 0x000000060a000000| Untracked 
|  18|0x000000060a400000, 0x000000060a400000, 0x000000060a800000|  0%| F|  |TAMS 0x000000060a400000| PB 0x000000060a400000| Untracked 
|  19|0x000000060a800000, 0x000000060a800000, 0x000000060ac00000|  0%| F|  |TAMS 0x000000060a800000| PB 0x000000060a800000| Untracked 
|  20|0x000000060ac00000, 0x000000060ac00000, 0x000000060b000000|  0%| F|  |TAMS 0x000000060ac00000| PB 0x000000060ac00000| Untracked 
|  21|0x000000060b000000, 0x000000060b000000, 0x000000060b400000|  0%| F|  |TAMS 0x000000060b000000| PB 0x000000060b000000| Untracked 
|  22|0x000000060b400000, 0x000000060b400000, 0x000000060b800000|  0%| F|  |TAMS 0x000000060b400000| PB 0x000000060b400000| Untracked 
|  23|0x000000060b800000, 0x000000060b800000, 0x000000060bc00000|  0%| F|  |TAMS 0x000000060b800000| PB 0x000000060b800000| Untracked 
|  24|0x000000060bc00000, 0x000000060bc00000, 0x000000060c000000|  0%| F|  |TAMS 0x000000060bc00000| PB 0x000000060bc00000| Untracked 
|  25|0x000000060c000000, 0x000000060c000000, 0x000000060c400000|  0%| F|  |TAMS 0x000000060c000000| PB 0x000000060c000000| Untracked 
|  26|0x000000060c400000, 0x000000060c400000, 0x000000060c800000|  0%| F|  |TAMS 0x000000060c400000| PB 0x000000060c400000| Untracked 
|  27|0x000000060c800000, 0x000000060c800000, 0x000000060cc00000|  0%| F|  |TAMS 0x000000060c800000| PB 0x000000060c800000| Untracked 
|  28|0x000000060cc00000, 0x000000060cc00000, 0x000000060d000000|  0%| F|  |TAMS 0x000000060cc00000| PB 0x000000060cc00000| Untracked 
|  29|0x000000060d000000, 0x000000060d000000, 0x000000060d400000|  0%| F|  |TAMS 0x000000060d000000| PB 0x000000060d000000| Untracked 
|  30|0x000000060d400000, 0x000000060d400000, 0x000000060d800000|  0%| F|  |TAMS 0x000000060d400000| PB 0x000000060d400000| Untracked 
|  31|0x000000060d800000, 0x000000060d800000, 0x000000060dc00000|  0%| F|  |TAMS 0x000000060d800000| PB 0x000000060d800000| Untracked 
|  32|0x000000060dc00000, 0x000000060dc00000, 0x000000060e000000|  0%| F|  |TAMS 0x000000060dc00000| PB 0x000000060dc00000| Untracked 
|  33|0x000000060e000000, 0x000000060e000000, 0x000000060e400000|  0%| F|  |TAMS 0x000000060e000000| PB 0x000000060e000000| Untracked 
|  34|0x000000060e400000, 0x000000060e400000, 0x000000060e800000|  0%| F|  |TAMS 0x000000060e400000| PB 0x000000060e400000| Untracked 
|  35|0x000000060e800000, 0x000000060e800000, 0x000000060ec00000|  0%| F|  |TAMS 0x000000060e800000| PB 0x000000060e800000| Untracked 
|  36|0x000000060ec00000, 0x000000060ec00000, 0x000000060f000000|  0%| F|  |TAMS 0x000000060ec00000| PB 0x000000060ec00000| Untracked 
|  37|0x000000060f000000, 0x000000060f000000, 0x000000060f400000|  0%| F|  |TAMS 0x000000060f000000| PB 0x000000060f000000| Untracked 
|  38|0x000000060f400000, 0x000000060f400000, 0x000000060f800000|  0%| F|  |TAMS 0x000000060f400000| PB 0x000000060f400000| Untracked 
|  39|0x000000060f800000, 0x000000060f800000, 0x000000060fc00000|  0%| F|  |TAMS 0x000000060f800000| PB 0x000000060f800000| Untracked 
|  40|0x000000060fc00000, 0x000000060fc00000, 0x0000000610000000|  0%| F|  |TAMS 0x000000060fc00000| PB 0x000000060fc00000| Untracked 
|  41|0x0000000610000000, 0x0000000610000000, 0x0000000610400000|  0%| F|  |TAMS 0x0000000610000000| PB 0x0000000610000000| Untracked 
|  42|0x0000000610400000, 0x0000000610400000, 0x0000000610800000|  0%| F|  |TAMS 0x0000000610400000| PB 0x0000000610400000| Untracked 
|  43|0x0000000610800000, 0x0000000610800000, 0x0000000610c00000|  0%| F|  |TAMS 0x0000000610800000| PB 0x0000000610800000| Untracked 
|  44|0x0000000610c00000, 0x0000000610c00000, 0x0000000611000000|  0%| F|  |TAMS 0x0000000610c00000| PB 0x0000000610c00000| Untracked 
|  45|0x0000000611000000, 0x0000000611000000, 0x0000000611400000|  0%| F|  |TAMS 0x0000000611000000| PB 0x0000000611000000| Untracked 
|  46|0x0000000611400000, 0x0000000611400000, 0x0000000611800000|  0%| F|  |TAMS 0x0000000611400000| PB 0x0000000611400000| Untracked 
|  47|0x0000000611800000, 0x0000000611800000, 0x0000000611c00000|  0%| F|  |TAMS 0x0000000611800000| PB 0x0000000611800000| Untracked 
|  48|0x0000000611c00000, 0x0000000611c00000, 0x0000000612000000|  0%| F|  |TAMS 0x0000000611c00000| PB 0x0000000611c00000| Untracked 
|  49|0x0000000612000000, 0x0000000612000000, 0x0000000612400000|  0%| F|  |TAMS 0x0000000612000000| PB 0x0000000612000000| Untracked 
|  50|0x0000000612400000, 0x0000000612400000, 0x0000000612800000|  0%| F|  |TAMS 0x0000000612400000| PB 0x0000000612400000| Untracked 
|  51|0x0000000612800000, 0x0000000612800000, 0x0000000612c00000|  0%| F|  |TAMS 0x0000000612800000| PB 0x0000000612800000| Untracked 
|  52|0x0000000612c00000, 0x0000000612c00000, 0x0000000613000000|  0%| F|  |TAMS 0x0000000612c00000| PB 0x0000000612c00000| Untracked 
|  53|0x0000000613000000, 0x0000000613000000, 0x0000000613400000|  0%| F|  |TAMS 0x0000000613000000| PB 0x0000000613000000| Untracked 
|  54|0x0000000613400000, 0x0000000613400000, 0x0000000613800000|  0%| F|  |TAMS 0x0000000613400000| PB 0x0000000613400000| Untracked 
|  55|0x0000000613800000, 0x0000000613800000, 0x0000000613c00000|  0%| F|  |TAMS 0x0000000613800000| PB 0x0000000613800000| Untracked 
|  56|0x0000000613c00000, 0x0000000613c00000, 0x0000000614000000|  0%| F|  |TAMS 0x0000000613c00000| PB 0x0000000613c00000| Untracked 
|  57|0x0000000614000000, 0x0000000614000000, 0x0000000614400000|  0%| F|  |TAMS 0x0000000614000000| PB 0x0000000614000000| Untracked 
|  58|0x0000000614400000, 0x0000000614400000, 0x0000000614800000|  0%| F|  |TAMS 0x0000000614400000| PB 0x0000000614400000| Untracked 
|  59|0x0000000614800000, 0x0000000614800000, 0x0000000614c00000|  0%| F|  |TAMS 0x0000000614800000| PB 0x0000000614800000| Untracked 
|  60|0x0000000614c00000, 0x0000000614c00000, 0x0000000615000000|  0%| F|  |TAMS 0x0000000614c00000| PB 0x0000000614c00000| Untracked 
|  61|0x0000000615000000, 0x0000000615000000, 0x0000000615400000|  0%| F|  |TAMS 0x0000000615000000| PB 0x0000000615000000| Untracked 
|  62|0x0000000615400000, 0x0000000615400000, 0x0000000615800000|  0%| F|  |TAMS 0x0000000615400000| PB 0x0000000615400000| Untracked 
|  63|0x0000000615800000, 0x0000000615800000, 0x0000000615c00000|  0%| F|  |TAMS 0x0000000615800000| PB 0x0000000615800000| Untracked 
|  64|0x0000000615c00000, 0x0000000615c00000, 0x0000000616000000|  0%| F|  |TAMS 0x0000000615c00000| PB 0x0000000615c00000| Untracked 
|  65|0x0000000616000000, 0x0000000616000000, 0x0000000616400000|  0%| F|  |TAMS 0x0000000616000000| PB 0x0000000616000000| Untracked 
|  66|0x0000000616400000, 0x0000000616400000, 0x0000000616800000|  0%| F|  |TAMS 0x0000000616400000| PB 0x0000000616400000| Untracked 
|  67|0x0000000616800000, 0x0000000616800000, 0x0000000616c00000|  0%| F|  |TAMS 0x0000000616800000| PB 0x0000000616800000| Untracked 
|  68|0x0000000616c00000, 0x0000000616c00000, 0x0000000617000000|  0%| F|  |TAMS 0x0000000616c00000| PB 0x0000000616c00000| Untracked 
|  69|0x0000000617000000, 0x0000000617000000, 0x0000000617400000|  0%| F|  |TAMS 0x0000000617000000| PB 0x0000000617000000| Untracked 
|  70|0x0000000617400000, 0x0000000617400000, 0x0000000617800000|  0%| F|  |TAMS 0x0000000617400000| PB 0x0000000617400000| Untracked 
|  71|0x0000000617800000, 0x0000000617800000, 0x0000000617c00000|  0%| F|  |TAMS 0x0000000617800000| PB 0x0000000617800000| Untracked 
|  72|0x0000000617c00000, 0x0000000617c00000, 0x0000000618000000|  0%| F|  |TAMS 0x0000000617c00000| PB 0x0000000617c00000| Untracked 
|  73|0x0000000618000000, 0x0000000618000000, 0x0000000618400000|  0%| F|  |TAMS 0x0000000618000000| PB 0x0000000618000000| Untracked 
|  74|0x0000000618400000, 0x0000000618400000, 0x0000000618800000|  0%| F|  |TAMS 0x0000000618400000| PB 0x0000000618400000| Untracked 
|  75|0x0000000618800000, 0x0000000618800000, 0x0000000618c00000|  0%| F|  |TAMS 0x0000000618800000| PB 0x0000000618800000| Untracked 
|  76|0x0000000618c00000, 0x0000000618c00000, 0x0000000619000000|  0%| F|  |TAMS 0x0000000618c00000| PB 0x0000000618c00000| Untracked 
|  77|0x0000000619000000, 0x0000000619000000, 0x0000000619400000|  0%| F|  |TAMS 0x0000000619000000| PB 0x0000000619000000| Untracked 
|  78|0x0000000619400000, 0x0000000619400000, 0x0000000619800000|  0%| F|  |TAMS 0x0000000619400000| PB 0x0000000619400000| Untracked 
|  79|0x0000000619800000, 0x0000000619800000, 0x0000000619c00000|  0%| F|  |TAMS 0x0000000619800000| PB 0x0000000619800000| Untracked 
|  80|0x0000000619c00000, 0x0000000619c00000, 0x000000061a000000|  0%| F|  |TAMS 0x0000000619c00000| PB 0x0000000619c00000| Untracked 
|  81|0x000000061a000000, 0x000000061a000000, 0x000000061a400000|  0%| F|  |TAMS 0x000000061a000000| PB 0x000000061a000000| Untracked 
|  82|0x000000061a400000, 0x000000061a400000, 0x000000061a800000|  0%| F|  |TAMS 0x000000061a400000| PB 0x000000061a400000| Untracked 
|  83|0x000000061a800000, 0x000000061a800000, 0x000000061ac00000|  0%| F|  |TAMS 0x000000061a800000| PB 0x000000061a800000| Untracked 
|  84|0x000000061ac00000, 0x000000061ac00000, 0x000000061b000000|  0%| F|  |TAMS 0x000000061ac00000| PB 0x000000061ac00000| Untracked 
|  85|0x000000061b000000, 0x000000061b000000, 0x000000061b400000|  0%| F|  |TAMS 0x000000061b000000| PB 0x000000061b000000| Untracked 
|  86|0x000000061b400000, 0x000000061b400000, 0x000000061b800000|  0%| F|  |TAMS 0x000000061b400000| PB 0x000000061b400000| Untracked 
|  87|0x000000061b800000, 0x000000061b800000, 0x000000061bc00000|  0%| F|  |TAMS 0x000000061b800000| PB 0x000000061b800000| Untracked 
|  88|0x000000061bc00000, 0x000000061bc00000, 0x000000061c000000|  0%| F|  |TAMS 0x000000061bc00000| PB 0x000000061bc00000| Untracked 
|  89|0x000000061c000000, 0x000000061c000000, 0x000000061c400000|  0%| F|  |TAMS 0x000000061c000000| PB 0x000000061c000000| Untracked 
|  90|0x000000061c400000, 0x000000061c400000, 0x000000061c800000|  0%| F|  |TAMS 0x000000061c400000| PB 0x000000061c400000| Untracked 
|  91|0x000000061c800000, 0x000000061c800000, 0x000000061cc00000|  0%| F|  |TAMS 0x000000061c800000| PB 0x000000061c800000| Untracked 
|  92|0x000000061cc00000, 0x000000061cc00000, 0x000000061d000000|  0%| F|  |TAMS 0x000000061cc00000| PB 0x000000061cc00000| Untracked 
|  93|0x000000061d000000, 0x000000061d000000, 0x000000061d400000|  0%| F|  |TAMS 0x000000061d000000| PB 0x000000061d000000| Untracked 
|  94|0x000000061d400000, 0x000000061d400000, 0x000000061d800000|  0%| F|  |TAMS 0x000000061d400000| PB 0x000000061d400000| Untracked 
|  95|0x000000061d800000, 0x000000061d800000, 0x000000061dc00000|  0%| F|  |TAMS 0x000000061d800000| PB 0x000000061d800000| Untracked 
|  96|0x000000061dc00000, 0x000000061dc00000, 0x000000061e000000|  0%| F|  |TAMS 0x000000061dc00000| PB 0x000000061dc00000| Untracked 
|  97|0x000000061e000000, 0x000000061e000000, 0x000000061e400000|  0%| F|  |TAMS 0x000000061e000000| PB 0x000000061e000000| Untracked 
|  98|0x000000061e400000, 0x000000061e400000, 0x000000061e800000|  0%| F|  |TAMS 0x000000061e400000| PB 0x000000061e400000| Untracked 
|  99|0x000000061e800000, 0x000000061e800000, 0x000000061ec00000|  0%| F|  |TAMS 0x000000061e800000| PB 0x000000061e800000| Untracked 
| 100|0x000000061ec00000, 0x000000061ec00000, 0x000000061f000000|  0%| F|  |TAMS 0x000000061ec00000| PB 0x000000061ec00000| Untracked 
| 101|0x000000061f000000, 0x000000061f000000, 0x000000061f400000|  0%| F|  |TAMS 0x000000061f000000| PB 0x000000061f000000| Untracked 
| 102|0x000000061f400000, 0x000000061f400000, 0x000000061f800000|  0%| F|  |TAMS 0x000000061f400000| PB 0x000000061f400000| Untracked 
| 103|0x000000061f800000, 0x000000061f800000, 0x000000061fc00000|  0%| F|  |TAMS 0x000000061f800000| PB 0x000000061f800000| Untracked 
| 104|0x000000061fc00000, 0x000000061fc00000, 0x0000000620000000|  0%| F|  |TAMS 0x000000061fc00000| PB 0x000000061fc00000| Untracked 
| 105|0x0000000620000000, 0x0000000620000000, 0x0000000620400000|  0%| F|  |TAMS 0x0000000620000000| PB 0x0000000620000000| Untracked 
| 106|0x0000000620400000, 0x0000000620400000, 0x0000000620800000|  0%| F|  |TAMS 0x0000000620400000| PB 0x0000000620400000| Untracked 
| 107|0x0000000620800000, 0x0000000620800000, 0x0000000620c00000|  0%| F|  |TAMS 0x0000000620800000| PB 0x0000000620800000| Untracked 
| 108|0x0000000620c00000, 0x0000000620c00000, 0x0000000621000000|  0%| F|  |TAMS 0x0000000620c00000| PB 0x0000000620c00000| Untracked 
| 109|0x0000000621000000, 0x0000000621000000, 0x0000000621400000|  0%| F|  |TAMS 0x0000000621000000| PB 0x0000000621000000| Untracked 
| 110|0x0000000621400000, 0x0000000621400000, 0x0000000621800000|  0%| F|  |TAMS 0x0000000621400000| PB 0x0000000621400000| Untracked 
| 111|0x0000000621800000, 0x0000000621800000, 0x0000000621c00000|  0%| F|  |TAMS 0x0000000621800000| PB 0x0000000621800000| Untracked 
| 112|0x0000000621c00000, 0x0000000621c00000, 0x0000000622000000|  0%| F|  |TAMS 0x0000000621c00000| PB 0x0000000621c00000| Untracked 
| 113|0x0000000622000000, 0x0000000622000000, 0x0000000622400000|  0%| F|  |TAMS 0x0000000622000000| PB 0x0000000622000000| Untracked 
| 114|0x0000000622400000, 0x0000000622400000, 0x0000000622800000|  0%| F|  |TAMS 0x0000000622400000| PB 0x0000000622400000| Untracked 
| 115|0x0000000622800000, 0x0000000622800000, 0x0000000622c00000|  0%| F|  |TAMS 0x0000000622800000| PB 0x0000000622800000| Untracked 
| 116|0x0000000622c00000, 0x0000000622c00000, 0x0000000623000000|  0%| F|  |TAMS 0x0000000622c00000| PB 0x0000000622c00000| Untracked 
| 117|0x0000000623000000, 0x0000000623000000, 0x0000000623400000|  0%| F|  |TAMS 0x0000000623000000| PB 0x0000000623000000| Untracked 
| 118|0x0000000623400000, 0x0000000623422e80, 0x0000000623800000|  3%| S|CS|TAMS 0x0000000623400000| PB 0x0000000623400000| Complete 
| 119|0x0000000623800000, 0x0000000623800000, 0x0000000623c00000|  0%| F|  |TAMS 0x0000000623800000| PB 0x0000000623800000| Untracked 
| 120|0x0000000623c00000, 0x0000000624000000, 0x0000000624000000|100%| E|  |TAMS 0x0000000623c00000| PB 0x0000000623c00000| Complete 
| 121|0x0000000624000000, 0x0000000624400000, 0x0000000624400000|100%| E|CS|TAMS 0x0000000624000000| PB 0x0000000624000000| Complete 
| 122|0x0000000624400000, 0x0000000624800000, 0x0000000624800000|100%| E|CS|TAMS 0x0000000624400000| PB 0x0000000624400000| Complete 
| 123|0x0000000624800000, 0x0000000624c00000, 0x0000000624c00000|100%| E|CS|TAMS 0x0000000624800000| PB 0x0000000624800000| Complete 
| 124|0x0000000624c00000, 0x0000000625000000, 0x0000000625000000|100%| E|CS|TAMS 0x0000000624c00000| PB 0x0000000624c00000| Complete 
| 125|0x0000000625000000, 0x0000000625400000, 0x0000000625400000|100%| E|CS|TAMS 0x0000000625000000| PB 0x0000000625000000| Complete 
| 126|0x0000000625400000, 0x0000000625800000, 0x0000000625800000|100%| E|CS|TAMS 0x0000000625400000| PB 0x0000000625400000| Complete 

Card table byte_map: [0x00000186b5900000,0x00000186b68e0000] _byte_map_base: 0x00000186b28d2000

Marking Bits: (CMBitMap*) 0x000001869ce8fc50
 Bits: [0x00000186b68e0000, 0x00000186be770000)

Polling page: 0x000001869abe0000

Metaspace:

Usage:
  Non-class:      2.99 MB used.
      Class:    299.98 KB used.
       Both:      3.28 MB used.

Virtual space:
  Non-class space:       64.00 MB reserved,       3.12 MB (  5%) committed,  1 nodes.
      Class space:        1.00 GB reserved,     384.00 KB ( <1%) committed,  1 nodes.
             Both:        1.06 GB reserved,       3.50 MB ( <1%) committed. 

Chunk freelists:
   Non-Class:  11.84 MB
       Class:  15.57 MB
        Both:  27.40 MB

MaxMetaspaceSize: unlimited
CompressedClassSpaceSize: 1.00 GB
Initial GC threshold: 21.00 MB
Current GC threshold: 21.00 MB
CDS: on
 - commit_granule_bytes: 65536.
 - commit_granule_words: 8192.
 - virtual_space_node_default_size: 8388608.
 - enlarge_chunks_in_place: 1.
 - use_allocation_guard: 0.


Internal statistics:

num_allocs_failed_limit: 0.
num_arena_births: 104.
num_arena_deaths: 0.
num_vsnodes_births: 2.
num_vsnodes_deaths: 0.
num_space_committed: 56.
num_space_uncommitted: 0.
num_chunks_returned_to_freelist: 0.
num_chunks_taken_from_freelist: 125.
num_chunk_merges: 0.
num_chunk_splits: 78.
num_chunks_enlarged: 36.
num_inconsistent_stats: 0.

CodeHeap 'non-profiled nmethods': size=120000Kb used=368Kb max_used=368Kb free=119631Kb
 bounds [0x00000186acfa0000, 0x00000186ad210000, 0x00000186b44d0000]
CodeHeap 'profiled nmethods': size=120000Kb used=985Kb max_used=985Kb free=119014Kb
 bounds [0x00000186a54d0000, 0x00000186a5740000, 0x00000186aca00000]
CodeHeap 'non-nmethods': size=5760Kb used=1472Kb max_used=1497Kb free=4287Kb
 bounds [0x00000186aca00000, 0x00000186acc70000, 0x00000186acfa0000]
 total_blobs=1188 nmethods=684 adapters=409
 compilation: enabled
              stopped_count=0, restarted_count=0
 full_count=0

Compilation events (20 events):
Event: 1560.929 Thread 0x00000186c131d480  635       4       java.util.ArrayList$SubList::toArray (79 bytes)
Event: 1560.930 Thread 0x00000186c131d480 nmethod 635 0x00000186acff3c90 code [0x00000186acff3e40, 0x00000186acff4130]
Event: 1560.930 Thread 0x00000186c131d480  634       4       java.util.AbstractList::subListRangeCheck (110 bytes)
Event: 1560.930 Thread 0x00000186c131d480 nmethod 634 0x00000186acff4310 code [0x00000186acff44a0, 0x00000186acff4578]
Event: 1560.930 Thread 0x00000186c131d480  627       4       java.lang.CharacterDataLatin1::digit (32 bytes)
Event: 1560.931 Thread 0x00000186c131d480 nmethod 627 0x00000186acff4690 code [0x00000186acff4820, 0x00000186acff4960]
Event: 1560.935 Thread 0x00000186c13fbe00 nmethod 675 0x00000186acff4a90 code [0x00000186acff4d00, 0x00000186acff5df8]
Event: 1560.945 Thread 0x00000186c14c3110 nmethod 673 0x00000186acff6910 code [0x00000186acff6c40, 0x00000186acff98d8]
Event: 1992.430 Thread 0x00000186c1321b50  678       3       sun.invoke.util.VerifyAccess::isClassAccessible (230 bytes)
Event: 1992.430 Thread 0x00000186c131d480  679       4       java.lang.String::equals (56 bytes)
Event: 1992.430 Thread 0x00000186c1321b50 nmethod 678 0x00000186a55c3390 code [0x00000186a55c36a0, 0x00000186a55c44d0]
Event: 1992.431 Thread 0x00000186c1321b50  680       3       java.util.ImmutableCollections$ListN::size (6 bytes)
Event: 1992.431 Thread 0x00000186c1321b50 nmethod 680 0x00000186a55c4990 code [0x00000186a55c4b20, 0x00000186a55c4c38]
Event: 1992.431 Thread 0x00000186c131d480 nmethod 679 0x00000186acffba90 code [0x00000186acffbc20, 0x00000186acffbe18]
Event: 1992.439 Thread 0x00000186c1321b50  681       3       java.util.concurrent.ConcurrentHashMap$Traverser::advance (188 bytes)
Event: 1992.439 Thread 0x00000186c1321b50 nmethod 681 0x00000186a55c4d10 code [0x00000186a55c4f60, 0x00000186a55c5af8]
Event: 1993.270 Thread 0x00000186c1321b50  682       3       java.lang.StringConcatHelper::checkOverflow (17 bytes)
Event: 1993.270 Thread 0x00000186c1321b50 nmethod 682 0x00000186a55c5d90 code [0x00000186a55c5f40, 0x00000186a55c6120]
Event: 1994.823 Thread 0x00000186c1321b50  684       3       java.util.concurrent.ConcurrentHashMap$BaseIterator::hasNext (13 bytes)
Event: 1994.823 Thread 0x00000186c1321b50 nmethod 684 0x00000186a55c6210 code [0x00000186a55c63a0, 0x00000186a55c6508]

GC Heap History (4 events):
Event: 1560.874 GC heap before
{Heap before GC invocations=0 (full 0):
 garbage-first heap   total 520192K, used 20480K [0x0000000605c00000, 0x0000000800000000)
  region size 4096K, 6 young (24576K), 0 survivors (0K)
 Metaspace       used 2993K, committed 3136K, reserved 1114112K
  class space    used 259K, committed 320K, reserved 1048576K
}
Event: 1560.877 GC heap after
{Heap after GC invocations=1 (full 0):
 garbage-first heap   total 520192K, used 2664K [0x0000000605c00000, 0x0000000800000000)
  region size 4096K, 1 young (4096K), 1 survivors (4096K)
 Metaspace       used 2993K, committed 3136K, reserved 1114112K
  class space    used 259K, committed 320K, reserved 1048576K
}
Event: 1560.895 GC heap before
{Heap before GC invocations=1 (full 0):
 garbage-first heap   total 520192K, used 31336K [0x0000000605c00000, 0x0000000800000000)
  region size 4096K, 8 young (32768K), 1 survivors (4096K)
 Metaspace       used 3007K, committed 3200K, reserved 1114112K
  class space    used 259K, committed 320K, reserved 1048576K
}
Event: 1560.897 GC heap after
{Heap after GC invocations=2 (full 0):
 garbage-first heap   total 520192K, used 2700K [0x0000000605c00000, 0x0000000800000000)
  region size 4096K, 1 young (4096K), 1 survivors (4096K)
 Metaspace       used 3007K, committed 3200K, reserved 1114112K
  class space    used 259K, committed 320K, reserved 1048576K
}

Dll operation events (7 events):
Event: 0.005 Loaded shared library C:\Program Files\BlueJ\jdk\bin\java.dll
Event: 0.025 Loaded shared library C:\Program Files\BlueJ\jdk\bin\jsvml.dll
Event: 0.428 Loaded shared library C:\Program Files\BlueJ\jdk\bin\net.dll
Event: 0.429 Loaded shared library C:\Program Files\BlueJ\jdk\bin\nio.dll
Event: 0.440 Loaded shared library C:\Program Files\BlueJ\jdk\bin\zip.dll
Event: 0.480 Loaded shared library C:\Program Files\BlueJ\jdk\bin\jimage.dll
Event: 0.484 Loaded shared library C:\Program Files\BlueJ\jdk\bin\awt.dll

Deoptimization events (20 events):
Event: 1560.858 Thread 0x0000018707108960 DEOPT PACKING pc=0x00000186a557555c sp=0x0000000315dfee00
Event: 1560.858 Thread 0x0000018707108960 DEOPT UNPACKING pc=0x00000186aca54e42 sp=0x0000000315dfe2e0 mode 1
Event: 1560.858 Thread 0x0000018707108960 DEOPT PACKING pc=0x00000186a557555c sp=0x0000000315dfee00
Event: 1560.858 Thread 0x0000018707108960 DEOPT UNPACKING pc=0x00000186aca54e42 sp=0x0000000315dfe2e0 mode 1
Event: 1560.858 Thread 0x0000018707108960 DEOPT PACKING pc=0x00000186a557555c sp=0x0000000315dfee00
Event: 1560.858 Thread 0x0000018707108960 DEOPT UNPACKING pc=0x00000186aca54e42 sp=0x0000000315dfe2e0 mode 1
Event: 1560.858 Thread 0x0000018707108960 DEOPT PACKING pc=0x00000186a557555c sp=0x0000000315dfee00
Event: 1560.858 Thread 0x0000018707108960 DEOPT UNPACKING pc=0x00000186aca54e42 sp=0x0000000315dfe2e0 mode 1
Event: 1560.858 Thread 0x0000018707108960 DEOPT PACKING pc=0x00000186a557555c sp=0x0000000315dfee00
Event: 1560.858 Thread 0x0000018707108960 DEOPT UNPACKING pc=0x00000186aca54e42 sp=0x0000000315dfe2e0 mode 1
Event: 1560.858 Thread 0x0000018707108960 DEOPT PACKING pc=0x00000186a557555c sp=0x0000000315dfee00
Event: 1560.858 Thread 0x0000018707108960 DEOPT UNPACKING pc=0x00000186aca54e42 sp=0x0000000315dfe2e0 mode 1
Event: 1560.898 Thread 0x0000018707108960 Uncommon trap: trap_request=0xffffffcc fr.pc=0x00000186acfdc0d8 relative=0x00000000000017b8
Event: 1560.898 Thread 0x0000018707108960 Uncommon trap: reason=intrinsic_or_type_checked_inlining action=make_not_entrant pc=0x00000186acfdc0d8 method=java.util.ArrayList$SubList.toArray([Ljava/lang/Object;)[Ljava/lang/Object; @ 58 c2
Event: 1560.898 Thread 0x0000018707108960 DEOPT PACKING pc=0x00000186acfdc0d8 sp=0x0000000315dfed80
Event: 1560.898 Thread 0x0000018707108960 DEOPT UNPACKING pc=0x00000186aca546a2 sp=0x0000000315dfece8 mode 2
Event: 1560.911 Thread 0x0000018707108960 Uncommon trap: trap_request=0xffffffcc fr.pc=0x00000186acfe5ab4 relative=0x0000000000001b74
Event: 1560.911 Thread 0x0000018707108960 Uncommon trap: reason=intrinsic_or_type_checked_inlining action=make_not_entrant pc=0x00000186acfe5ab4 method=java.util.ArrayList$SubList.toArray([Ljava/lang/Object;)[Ljava/lang/Object; @ 58 c2
Event: 1560.911 Thread 0x0000018707108960 DEOPT PACKING pc=0x00000186acfe5ab4 sp=0x0000000315dfee40
Event: 1560.911 Thread 0x0000018707108960 DEOPT UNPACKING pc=0x00000186aca546a2 sp=0x0000000315dfed40 mode 2

Classes loaded (20 events):
Event: 1993.270 Loading class sun/awt/Win32GraphicsConfig
Event: 1993.271 Loading class sun/awt/image/SurfaceManager$ProxiedGraphicsConfig
Event: 1993.271 Loading class sun/awt/image/SurfaceManager$ProxiedGraphicsConfig done
Event: 1993.271 Loading class java/awt/GraphicsConfiguration
Event: 1993.271 Loading class java/awt/GraphicsConfiguration done
Event: 1993.271 Loading class sun/awt/Win32GraphicsConfig done
Event: 1993.271 Loading class java/awt/Rectangle
Event: 1993.271 Loading class java/awt/Shape
Event: 1993.271 Loading class java/awt/Shape done
Event: 1993.271 Loading class java/awt/geom/Rectangle2D
Event: 1993.271 Loading class java/awt/geom/RectangularShape
Event: 1993.271 Loading class java/awt/geom/RectangularShape done
Event: 1993.271 Loading class java/awt/geom/Rectangle2D done
Event: 1993.271 Loading class java/awt/Rectangle done
Event: 1994.277 Loading class sun/awt/AppContext$PostShutdownEventRunnable
Event: 1994.277 Loading class sun/awt/AppContext$PostShutdownEventRunnable done
Event: 1994.277 Loading class sun/awt/AWTAutoShutdown$1
Event: 1994.277 Loading class sun/awt/AWTAutoShutdown$1 done
Event: 1994.823 Loading class java/util/ArrayList$ListItr
Event: 1994.823 Loading class java/util/ArrayList$ListItr done

Classes unloaded (0 events):
No events

Classes redefined (0 events):
No events

Internal exceptions (4 events):
Event: 0.473 Thread 0x000001869cde9480 Exception <a 'java/lang/ClassNotFoundException'{0x00000006250562b8}: sun/awt/resources/spi/awtProvider> (0x00000006250562b8) 
thrown [s\src\hotspot\share\classfile\systemDictionary.cpp, line 312]
Event: 0.490 Thread 0x000001869cde9480 Exception <a 'java/io/FileNotFoundException'{0x00000006250b78e8}> (0x00000006250b78e8) 
thrown [s\src\hotspot\share\prims\jni.cpp, line 520]
Event: 0.493 Thread 0x000001869cde9480 Exception <a 'java/io/FileNotFoundException'{0x00000006250e2210}> (0x00000006250e2210) 
thrown [s\src\hotspot\share\prims\jni.cpp, line 520]
Event: 1364.302 Thread 0x00000186c16fd6b0 Exception <a 'java/lang/NoSuchMethodError'{0x0000000624d227c0}: 'void java.lang.invoke.DirectMethodHandle$Holder.invokeStatic(java.lang.Object, java.lang.Object)'> (0x0000000624d227c0) 
thrown [s\src\hotspot\share\interpreter\linkResolver.cpp, line 773]

ZGC Phase Switch (0 events):
No events

VM Operations (20 events):
Event: 60.019 Executing VM operation: HandshakeAllThreads (HandshakeForDeflation)
Event: 60.019 Executing VM operation: HandshakeAllThreads (HandshakeForDeflation) done
Event: 60.019 Executing VM operation: RendezvousGCThreads
Event: 60.019 Executing VM operation: RendezvousGCThreads done
Event: 420.573 Executing VM operation: HandshakeAllThreads (HandshakeForDeflation)
Event: 420.573 Executing VM operation: HandshakeAllThreads (HandshakeForDeflation) done
Event: 420.573 Executing VM operation: RendezvousGCThreads
Event: 420.573 Executing VM operation: RendezvousGCThreads done
Event: 1364.475 Executing VM operation: Cleanup
Event: 1364.475 Executing VM operation: Cleanup done
Event: 1509.748 Executing VM operation: Cleanup
Event: 1509.748 Executing VM operation: Cleanup done
Event: 1560.874 Executing VM operation: G1CollectForAllocation (G1 Evacuation Pause)
Event: 1560.880 Executing VM operation: G1CollectForAllocation (G1 Evacuation Pause) done
Event: 1560.895 Executing VM operation: G1CollectForAllocation (G1 Evacuation Pause)
Event: 1560.897 Executing VM operation: G1CollectForAllocation (G1 Evacuation Pause) done
Event: 1561.911 Executing VM operation: Cleanup
Event: 1561.911 Executing VM operation: Cleanup done
Event: 1993.384 Executing VM operation: Cleanup
Event: 1993.384 Executing VM operation: Cleanup done

Memory protections (0 events):
No events

Nmethod flushes (0 events):
No events

Events (20 events):
Event: 1509.586 Thread 0x00000186c16fd690 Thread added: 0x00000186c16b6d60
Event: 1509.586 Thread 0x00000186c16fd690 Thread exited: 0x00000186c16fd690
Event: 1509.681 Thread 0x00000186c16b6d60 Thread added: 0x0000018707093290
Event: 1509.681 Thread 0x00000186c16b6d60 Thread exited: 0x00000186c16b6d60
Event: 1557.526 Thread 0x0000018707093290 Thread added: 0x00000186c16b6d60
Event: 1557.526 Thread 0x0000018707093290 Thread exited: 0x0000018707093290
Event: 1560.784 Thread 0x00000186c16b6d60 Thread added: 0x0000018707108960
Event: 1560.784 Thread 0x00000186c16b6d60 Thread exited: 0x00000186c16b6d60
Event: 1560.864 Thread 0x00000186c1321b50 Thread added: 0x00000186c13fbe00
Event: 1560.867 Thread 0x00000186c131d480 Thread added: 0x00000186c14c3110
Event: 1560.922 Thread 0x0000018707108960 Thread added: 0x0000018707f2b350
Event: 1560.922 Thread 0x0000018707108960 Thread exited: 0x0000018707108960
Event: 1565.951 Thread 0x00000186c14c3110 Thread exited: 0x00000186c14c3110
Event: 1570.938 Thread 0x00000186c13fbe00 Thread exited: 0x00000186c13fbe00
Event: 1992.313 Thread 0x0000018707058130 Thread added: 0x00000186c14beb80
Event: 1992.431 Thread 0x0000018707058130 Thread added: 0x00000186c14c05c0
Event: 1994.278 Thread 0x00000186c14beb80 Thread exited: 0x00000186c14beb80
Event: 1994.278 Thread 0x00000186c14c05c0 Thread exited: 0x00000186c14c05c0
Event: 1994.818 Thread 0x0000018707058130 Thread added: 0x00000186c14c05c0
Event: 1994.820 Thread 0x0000018707058130 Thread added: 0x00000186c14bff30


Dynamic libraries:
0x00007ff635600000 - 0x00007ff63560e000 	C:\Program Files\BlueJ\jdk\bin\java.exe
0x00007ff94a240000 - 0x00007ff94a4a7000 	C:\Windows\SYSTEM32\ntdll.dll
0x00007ff948990000 - 0x00007ff948a59000 	C:\Windows\System32\KERNEL32.DLL
0x00007ff946b20000 - 0x00007ff946f11000 	C:\Windows\System32\KERNELBASE.dll
0x00007ff947b10000 - 0x00007ff947c5b000 	C:\Windows\System32\ucrtbase.dll
0x00007ff943dc0000 - 0x00007ff943dd8000 	C:\Program Files\BlueJ\jdk\bin\jli.dll
0x00007ff948520000 - 0x00007ff9486e5000 	C:\Windows\System32\USER32.dll
0x00007ff943da0000 - 0x00007ff943dbe000 	C:\Program Files\BlueJ\jdk\bin\VCRUNTIME140.dll
0x00007ff947090000 - 0x00007ff9470b7000 	C:\Windows\System32\win32u.dll
0x00007ff948060000 - 0x00007ff94808b000 	C:\Windows\System32\GDI32.dll
0x00007ff91d5e0000 - 0x00007ff91d873000 	C:\Windows\WinSxS\amd64_microsoft.windows.common-controls_6595b64144ccf1df_6.0.26100.8037_none_3e092faae333b53b\COMCTL32.dll
0x00007ff9479e0000 - 0x00007ff947b0b000 	C:\Windows\System32\gdi32full.dll
0x00007ff9488e0000 - 0x00007ff948989000 	C:\Windows\System32\msvcrt.dll
0x00007ff947930000 - 0x00007ff9479d3000 	C:\Windows\System32\msvcp_win.dll
0x00007ff948e30000 - 0x00007ff948e61000 	C:\Windows\System32\IMM32.DLL
0x00007ff927eb0000 - 0x00007ff927ebc000 	C:\Program Files\BlueJ\jdk\bin\vcruntime140_1.dll
0x00007ff89a510000 - 0x00007ff89a59d000 	C:\Program Files\BlueJ\jdk\bin\msvcp140.dll
0x00007ff892020000 - 0x00007ff892db0000 	C:\Program Files\BlueJ\jdk\bin\server\jvm.dll
0x00007ff94a040000 - 0x00007ff94a0fb000 	C:\Windows\System32\ADVAPI32.dll
0x00007ff948c80000 - 0x00007ff948d27000 	C:\Windows\System32\sechost.dll
0x00007ff948b30000 - 0x00007ff948c48000 	C:\Windows\System32\RPCRT4.dll
0x00007ff949ec0000 - 0x00007ff949f34000 	C:\Windows\System32\WS2_32.dll
0x00007ff946300000 - 0x00007ff94635e000 	C:\Windows\SYSTEM32\POWRPROF.dll
0x00007ff93fbb0000 - 0x00007ff93fbbb000 	C:\Windows\SYSTEM32\VERSION.dll
0x00007ff941b70000 - 0x00007ff941ba5000 	C:\Windows\SYSTEM32\WINMM.dll
0x00007ff9462e0000 - 0x00007ff9462f4000 	C:\Windows\SYSTEM32\UMPDC.dll
0x00007ff945890000 - 0x00007ff9458ab000 	C:\Windows\SYSTEM32\kernel.appcore.dll
0x00007ff922610000 - 0x00007ff92261a000 	C:\Program Files\BlueJ\jdk\bin\jimage.dll
0x00007ff944940000 - 0x00007ff944b82000 	C:\Windows\SYSTEM32\DBGHELP.DLL
0x00007ff948e70000 - 0x00007ff9491f2000 	C:\Windows\System32\combase.dll
0x00007ff948d50000 - 0x00007ff948e27000 	C:\Windows\System32\OLEAUT32.dll
0x00007ff9334d0000 - 0x00007ff93350b000 	C:\Windows\SYSTEM32\dbgcore.DLL
0x00007ff946fe0000 - 0x00007ff947085000 	C:\Windows\System32\bcryptPrimitives.dll
0x00007ff8eace0000 - 0x00007ff8ead1c000 	C:\Program Files\BlueJ\jdk\bin\jdwp.dll
0x00007ff91a4d0000 - 0x00007ff91a4ef000 	C:\Program Files\BlueJ\jdk\bin\java.dll
0x00007ff949600000 - 0x00007ff949d5f000 	C:\Windows\System32\SHELL32.dll
0x00007ff947cf0000 - 0x00007ff947e5a000 	C:\Windows\System32\wintypes.dll
0x00007ff9470c0000 - 0x00007ff947924000 	C:\Windows\System32\windows.storage.dll
0x00007ff949f40000 - 0x00007ff94a037000 	C:\Windows\System32\SHCORE.dll
0x00007ff948ac0000 - 0x00007ff948b27000 	C:\Windows\System32\shlwapi.dll
0x00007ff946a40000 - 0x00007ff946a69000 	C:\Windows\SYSTEM32\profapi.dll
0x00007ff89a430000 - 0x00007ff89a507000 	C:\Program Files\BlueJ\jdk\bin\jsvml.dll
0x00007ff91a4a0000 - 0x00007ff91a4ab000 	C:\Program Files\BlueJ\jdk\bin\dt_shmem.dll
0x00007ff921b20000 - 0x00007ff921b30000 	C:\Program Files\BlueJ\jdk\bin\net.dll
0x00007ff93f3c0000 - 0x00007ff93f4e7000 	C:\Windows\SYSTEM32\WINHTTP.dll
0x00007ff945e20000 - 0x00007ff945e8b000 	C:\Windows\system32\mswsock.dll
0x00007ff91a4b0000 - 0x00007ff91a4c6000 	C:\Program Files\BlueJ\jdk\bin\nio.dll
0x00007ff90fef0000 - 0x00007ff90ff08000 	C:\Program Files\BlueJ\jdk\bin\zip.dll
0x00007ff892fb0000 - 0x00007ff89313e000 	C:\Program Files\BlueJ\jdk\bin\awt.dll
0x00007ff943e40000 - 0x00007ff943edf000 	C:\Windows\SYSTEM32\apphelp.dll
0x00007ff944080000 - 0x00007ff94412a000 	C:\Windows\system32\uxtheme.dll
0x00007ff949300000 - 0x00007ff94945d000 	C:\Windows\System32\MSCTF.dll
0x00007ff949460000 - 0x00007ff9495f5000 	C:\Windows\System32\ole32.dll
0x00007ff944360000 - 0x00007ff94438e000 	C:\Windows\system32\DWMAPI.DLL
0x00007ff91e4a0000 - 0x00007ff91e5ae000 	C:\Windows\system32\opengl32.dll
0x00007ff91dfb0000 - 0x00007ff91dfdd000 	C:\Windows\SYSTEM32\GLU32.dll
0x00007ff944180000 - 0x00007ff9441c3000 	C:\Windows\SYSTEM32\dxcore.dll

dbghelp: loaded successfully - version: 4.0.5 - missing functions: none
symbol engine: initialized successfully - sym options: 0x614 - pdb path: .;C:\Program Files\BlueJ\jdk\bin;C:\Windows\SYSTEM32;C:\Windows\WinSxS\amd64_microsoft.windows.common-controls_6595b64144ccf1df_6.0.26100.8037_none_3e092faae333b53b;C:\Program Files\BlueJ\jdk\bin\server

VM Arguments:
jvm_args: -ea -agentlib:jdwp=transport=dt_shmem,address=javadebug -Dfile.encoding=UTF-8 
java_command: bluej.runtime.ExecServer UTF-8
java_class_path (initial): C:\Program Files\BlueJ\lib\bluejcore.jar;C:\Program Files\BlueJ\lib\javafx-base-23.0.2-win.jar;C:\Program Files\BlueJ\lib\javafx-controls-23.0.2-win.jar;C:\Program Files\BlueJ\lib\javafx-fxml-23.0.2-win.jar;C:\Program Files\BlueJ\lib\javafx-graphics-23.0.2-win.jar;C:\Program Files\BlueJ\lib\javafx-media-23.0.2-win.jar;C:\Program Files\BlueJ\lib\javafx-swing-23.0.2-win.jar;C:\Program Files\BlueJ\lib\javafx-web-23.0.2-win.jar;C:\Program Files\BlueJ\lib\junit-4.12.jar;C:\Program Files\BlueJ\lib\junit-jupiter-5.5.2.jar;C:\Program Files\BlueJ\lib\junit-jupiter-api-5.5.2.jar;C:\Program Files\BlueJ\lib\junit-jupiter-engine-5.5.2.jar;C:\Program Files\BlueJ\lib\junit-jupiter-params-5.5.2.jar;C:\Program Files\BlueJ\lib\junit-platform-commons-1.5.2.jar;C:\Program Files\BlueJ\lib\junit-platform-engine-1.5.2.jar;C:\Program Files\BlueJ\lib\junit-platform-launcher-1.5.2.jar;C:\Program Files\BlueJ\lib\junit-platform-suite-api-1.5.2.jar;C:\Program Files\BlueJ\lib\junit-vintage-engine-5.5.2.jar;C:\Program Files\BlueJ\lib\hamcrest-core-1.3.jar;C:\Program Files\BlueJ\lib\opentest4j-1.2.0.jar;C:\Program Files\BlueJ\lib\lang-stride.jar;C:\Program Files\BlueJ\lib\javafx\javafx.base.jar;C:\Program Files\BlueJ\lib\javafx\javafx.controls.jar;C:\Program Files\BlueJ\lib\javafx\javafx.fxml.jar;C:\Program Files\BlueJ\lib\javafx\javafx.graphics.jar;C:\Program Files\BlueJ\lib\javafx\javafx.media.jar;C:\Program Files\BlueJ\lib\javafx\javafx.properties.jar;C:\Program Files\BlueJ\lib\javafx\javafx.swing.jar;C:\Program Files\BlueJ\lib\javafx\javafx.web.jar
Launcher Type: SUN_STANDARD

[Global flags]
     intx CICompilerCount                          = 4                                         {product} {ergonomic}
     uint ConcGCThreads                            = 2                                         {product} {ergonomic}
     uint G1ConcRefinementThreads                  = 9                                         {product} {ergonomic}
   size_t G1HeapRegionSize                         = 4194304                                   {product} {ergonomic}
    uintx GCDrainStackTargetSize                   = 64                                        {product} {ergonomic}
   size_t InitialHeapSize                          = 532676608                                 {product} {ergonomic}
   size_t MarkStackSize                            = 4194304                                   {product} {ergonomic}
   size_t MaxHeapSize                              = 8493465600                                {product} {ergonomic}
   size_t MaxNewSize                               = 5096079360                                {product} {ergonomic}
   size_t MinHeapDeltaBytes                        = 4194304                                   {product} {ergonomic}
   size_t MinHeapSize                              = 8388608                                   {product} {ergonomic}
    uintx NonNMethodCodeHeapSize                   = 5839372                                {pd product} {ergonomic}
    uintx NonProfiledCodeHeapSize                  = 122909434                              {pd product} {ergonomic}
    uintx ProfiledCodeHeapSize                     = 122909434                              {pd product} {ergonomic}
    uintx ReservedCodeCacheSize                    = 251658240                              {pd product} {ergonomic}
     bool SegmentedCodeCache                       = true                                      {product} {ergonomic}
   size_t SoftMaxHeapSize                          = 8493465600                             {manageable} {ergonomic}
     bool UseCompressedOops                        = true                           {product lp64_product} {ergonomic}
     bool UseG1GC                                  = true                                      {product} {ergonomic}
     bool UseLargePagesIndividualAllocation        = false                                  {pd product} {ergonomic}

Logging:
Log output configuration:
 #0: stdout all=warning uptime,level,tags foldmultilines=false
 #1: stderr all=off uptime,level,tags foldmultilines=false

Environment Variables:
PATH=C:\Windows\system32;C:\Windows;C:\Windows\System32\Wbem;C:\Windows\System32\WindowsPowerShell\v1.0\;C:\Windows\System32\OpenSSH\;C:\Program Files\NVIDIA Corporation\NVIDIA App\NvDLISR;C:\Program Files (x86)\NVIDIA Corporation\PhysX\Common;C:\Users\victo\AppData\Local\Microsoft\WindowsApps;C:\Users\victo\AppData\Local\GitHubDesktop\bin
USERNAME=victo
OS=Windows_NT
PROCESSOR_IDENTIFIER=Intel64 Family 6 Model 198 Stepping 2, GenuineIntel
TMP=C:\Users\victo\AppData\Local\Temp
TEMP=C:\Users\victo\AppData\Local\Temp




Periodic native trim disabled

---------------  S Y S T E M  ---------------

OS:
 Windows 11 , 64 bit Build 26100 (10.0.26100.7920)
OS uptime: 13 days 12:31 hours
Hyper-V role detected

CPU: total 10 (initial active 10) (10 cores per cpu, 1 threads per core) family 6 model 198 stepping 2 microcode 0x118, cx8, cmov, fxsr, mmx, 3dnowpref, sse, sse2, sse3, ssse3, sse4.1, sse4.2, popcnt, lzcnt, tsc, tscinvbit, avx, avx2, aes, erms, clmul, bmi1, bmi2, adx, sha, fma, vzeroupper, clflush, clflushopt, clwb, hv, serialize, rdtscp, rdpid, fsrm, f16c, cet_ibt, cet_ss
Processor Information for processor 0
  Max Mhz: 3300, Current Mhz: 2411, Mhz Limit: 2409
Processor Information for processor 1
  Max Mhz: 3300, Current Mhz: 2411, Mhz Limit: 2409
Processor Information for processor 2
  Max Mhz: 2700, Current Mhz: 1970, Mhz Limit: 1944
Processor Information for processor 3
  Max Mhz: 2700, Current Mhz: 1970, Mhz Limit: 1944
Processor Information for processor 4
  Max Mhz: 2700, Current Mhz: 1970, Mhz Limit: 1944
Processor Information for processor 5
  Max Mhz: 2700, Current Mhz: 1970, Mhz Limit: 1944
Processor Information for processor 6
  Max Mhz: 3300, Current Mhz: 2411, Mhz Limit: 2409
Processor Information for processor 7
  Max Mhz: 3300, Current Mhz: 2411, Mhz Limit: 2409
Processor Information for processor 8
  Max Mhz: 3300, Current Mhz: 2411, Mhz Limit: 2409
Processor Information for processor 9
  Max Mhz: 3300, Current Mhz: 2411, Mhz Limit: 2409

Memory: 4k page, system-wide physical 32389M (23551M free)
TotalPageFile size 34437M (AvailPageFile size 25230M)
current process WorkingSet (physical memory assigned to process): 84M, peak: 97M
current process commit charge ("private bytes"): 608M, peak: 624M

vm_info: OpenJDK 64-Bit Server VM (21.0.6+7-LTS) for windows-amd64 JRE (21.0.6+7-LTS), built on 2025-01-21T00:00:00Z by "admin" with MS VC++ 17.7 (VS2022)

END.
